Expression[20] : 5+4-(-2)+0-0+0-0+0-0+0-0+0-0+0-0+0-0+0-0+0=0


Expression[20] : 5+(-2.5)+3.5+8+1.5+(-9.5)+3+(-4)+6.5+(-2.5)+(-9.25596e+61)+2.59265e-306+(-9.25596e+61)+1.88831e-307+(-nan)+5.9045e-304+2.608e-306+1.88834e-307+(-1.39012e-288)+0=0


Expression[20] : 0.25/8/3.5/(-9.25596e+61)/5/(-2.5)/3.5/8/1.5/(-9.5)/3/(-4)/6.5/(-2.5)/(-9.25596e+61)/2.59265e-306/(-9.25596e+61)/1.88831e-307/(-nan)/5.9045e-304=0


Expression[20] : 5+4-(-2)+0-0+0-0+0-0+0-0+0-0+0-0+0-0+0-0+0=0


Expression[20] : 5+(-2.5)+3.5+8+1.5+(-9.5)+3+(-4)+6.5+(-2.5)+(-9.25596e+61)+2.03375e-307+(-9.25596e+61)+1.05522e-307+(-nan)+5.67177e-305+2.03621e-307+1.05523e-307+1.39801e+287+0=0


Expression[20] : 0.25/8/3.5/(-9.25596e+61)/5/(-2.5)/3.5/8/1.5/(-9.5)/3/(-4)/6.5/(-2.5)/(-9.25596e+61)/2.03375e-307/(-9.25596e+61)/1.05522e-307/(-nan)/5.67177e-305=0


Expression[20] : 5+16-(-3)+10-12+2-(-9.25596e+61)+(-9.25596e+61)-(-9.25596e+61)+1.61214e-307-(-nan)+1.36318e-303-2.786e-306+1.61215e-307-1.69769e-199+0-1.05264e-314+4.29063e+269-1.61213e-307+1.47874e-304=0


Expression[20] : 5.6/(-2.1)/3.2/1.5/(-9.25596e+61)/5/16/(-3)/10/12/2/(-9.25596e+61)/2.78404e-306/(-9.25596e+61)/1.61214e-307/(-nan)/1.36318e-303/2.786e-306/1.61215e-307/1.69769e-199=0


Expression[20] : 1.5+(-8)+2.5+0+0+0+0+0+0+0+0+0+0+0+0+0+0+0+0+0=0


Expression[20] : 5+4-(-2)+0-0+0-0+0-0+0-0+0-0+0-0+0-0+0-0+0=0


Expression[19] : 5+(-2.5)+3.5+8+1.5+(-9.5)+3+(-4)+6.5+(-2.5)+(-9.25596e+61)+2.70127e-307+(-9.25596e+61)+2.22429e-307+(-nan)+2.49129e-308+2.70373e-307+2.22432e-307+(-1.84327e-256)=0


Expression[20] : 0.25/8/3.5/(-9.25596e+61)/5/(-2.5)/3.5/8/1.5/(-9.5)/3/(-4)/6.5/(-2.5)/(-9.25596e+61)/2.70127e-307/(-9.25596e+61)/2.22429e-307/(-nan)/2.49129e-308=0


Expression[20] : 5+4-(-2)+0-0+0-0+0-0+0-0+0-0+0-0+0-0+0-0+0=0


Expression[19] : 5+(-2.5)+3.5+8+1.5+(-9.5)+3+(-4)+6.5+(-2.5)+(-9.25596e+61)+1.46189e-307+(-9.25596e+61)+1.16718e-307+(-nan)+6.3602e-304+1.46312e-307+1.16719e-307+(-1.78149e-274)=0


Expression[20] : 0.25/8/3.5/(-9.25596e+61)/5/(-2.5)/3.5/8/1.5/(-9.5)/3/(-4)/6.5/(-2.5)/(-9.25596e+61)/1.46189e-307/(-9.25596e+61)/1.16718e-307/(-nan)/6.3602e-304=0


Expression[20] : 5+4-(-2)+0-0+0-0+0-0+0-0+0-0+0-0+0-0+0-0+0=0


Expression[20] : 5+(-2.5)+3.5+8+1.5+(-9.5)+3+(-4)+6.5+(-2.5)+(-9.25596e+61)+8.42198e-308+(-9.25596e+61)+6.67078e-308+(-nan)+7.20765e-308+8.42813e-308+6.67084e-308+(-2.49547e-127)+0=0


Expression[20] : 0.25/8/3.5/(-9.25596e+61)/5/(-2.5)/3.5/8/1.5/(-9.5)/3/(-4)/6.5/(-2.5)/(-9.25596e+61)/8.42198e-308/(-9.25596e+61)/6.67078e-308/(-nan)/7.20765e-308=0


Expression[20] : 5+4-(-2)+0-0+0-0+0-0+0-0+0-0+0-0+0-0+0-0+0=0


Expression[20] : 5+(-2.5)+3.5+8+1.5+(-9.5)+3+(-4)+6.5+(-2.5)+(-9.25596e+61)+7.68998e-307+(-9.25596e+61)+6.39105e-308+(-nan)+1.77396e-305+7.69981e-307+6.39111e-308+3.3591e+292+0=0


Expression[20] : 0.25/8/3.5/(-9.25596e+61)/5/(-2.5)/3.5/8/1.5/(-9.5)/3/(-4)/6.5/(-2.5)/(-9.25596e+61)/7.68998e-307/(-9.25596e+61)/6.39105e-308/(-nan)/1.77396e-305=0


Expression[20] : 5+4-(-2)+0-0+0-0+0-0+0-0+0-0+0-0+0-0+0-0+0=0


Expression[20] : 5+(-2.5)+3.5+8+1.5+(-9.5)+3+(-4)+6.5+(-2.5)+(-9.25596e+61)+5.62505e-307+(-9.25596e+61)+3.61127e-308+(-nan)+4.0528e-309+5.62996e-307+3.61131e-308+3.19765e+252+0=0


Expression[20] : 0.25/8/3.5/(-9.25596e+61)/5/(-2.5)/3.5/8/1.5/(-9.5)/3/(-4)/6.5/(-2.5)/(-9.25596e+61)/5.62505e-307/(-9.25596e+61)/3.61127e-308/(-nan)/4.0528e-309=0


Expression[20] : 5+16-(-3)+10-12+2-(-9.25596e+61)+(-9.25596e+61)-(-9.25596e+61)+1.50028e-307-(-nan)+1.13435e-304-2.59247e-307+1.50029e-307-(-2.22748e+83)+0-1.05264e-314+1.73259e+269-1.50027e-307+1.47874e-304=0


Expression[20] : 5.6+(-2.1)+3.2+1.5+(-9.25596e+61)+5+16+(-3)+10+12+2+(-9.25596e+61)+2.59002e-307+(-9.25596e+61)+1.50028e-307+(-nan)+1.13435e-304+2.59247e-307+1.50029e-307+(-2.22748e+83)=0


Expression[20] : 1.5/(-8)/2.5/0/0/0/0/0/0/0/0/0/0/0/0/0/0/0/0/0=0


Expression[20] : 5+16-(-3)+10-12+2-(-9.25596e+61)+(-9.25596e+61)-(-9.25596e+61)+3.88958e-308-(-nan)+1.41794e-305-8.42813e-308+3.88961e-308-(-3.22649e+103)+0-1.05264e-314+1.73259e+269-3.88957e-308+1.47874e-304=0


Expression[20] : 5.6+(-2.1)+3.2+1.5+(-9.25596e+61)+5+16+(-3)+10+12+2+(-9.25596e+61)+8.42198e-308+(-9.25596e+61)+3.88958e-308+(-nan)+1.41794e-305+8.42813e-308+3.88961e-308+(-3.22649e+103)=0


Expression[20] : 1.5/(-8)/2.5/0/0/0/0/0/0/0/0/0/0/0/0/0/0/0/0/0=0


Expression[20] : 5+16-(-3)+10-12+2-(-9.25596e+61)+(-9.25596e+61)-(-9.25596e+61)+2.0016e-307-(-nan)+2.97829e-305-1.2595e-306+2.00162e-307-3.80021e-286+0-1.05264e-314+3.48103e+267-2.00159e-307+1.47875e-304=0


Expression[20] : 5.6+(-2.1)+3.2+1.5+(-9.25596e+61)+5+16+(-3)+10+12+2+(-9.25596e+61)+1.25851e-306+(-9.25596e+61)+2.0016e-307+(-nan)+2.97829e-305+1.2595e-306+2.00162e-307+3.80021e-286=0


Expression[20] : 1.5/(-8)/2.5/0/0/0/0/0/0/0/0/0/0/0/0/0/0/0/0/0=0


Expression[20] : 5+16-(-3)+10-12+2-(-9.25596e+61)+(-9.25596e+61)-(-9.25596e+61)+6.3903e-308-(-nan)+1.27204e-303-6.51999e-307+6.39036e-308-3.03097e+32+0-1.05264e-314+3.48103e+267-6.39028e-308+1.47875e-304=0


Expression[20] : 5.6+(-2.1)+3.2+1.5+(-9.25596e+61)+5+16+(-3)+10+12+2+(-9.25596e+61)+6.51508e-307+(-9.25596e+61)+6.3903e-308+(-nan)+1.27204e-303+6.51999e-307+6.39036e-308+3.03097e+32=0


Expression[3] : 1.5/(-8)/2.5=0


Expression[20] : 5+16-(-3)+10-12+2-(-9.25596e+61)+(-9.25596e+61)-(-9.25596e+61)+3.00105e-307-(-nan)+8.59832e-308-2.608e-306+3.00107e-307-1.19753e+96+0-1.05264e-314+3.48103e+267-3.00104e-307+1.47875e-304=0


Expression[20] : 5.6+(-2.1)+3.2+1.5+(-9.25596e+61)+5+16+(-3)+10+12+2+(-9.25596e+61)+2.60603e-306+(-9.25596e+61)+3.00105e-307+(-nan)+8.59832e-308+2.608e-306+3.00107e-307+1.19753e+96=0


Expression[3] : 1.5/(-8)/2.5=0


Expression[20] : 5+16-(-3)+10-12+2-(-9.25596e+61)+(-9.25596e+61)-(-9.25596e+61)+1.11139e-307-(-nan)+2.12997e-305-1.63e-307+1.11141e-307-(-6.9105e-104)+0-1.05264e-314+3.48103e+267-1.11139e-307+1.47875e-304=0


Expression[20] : 5.6+(-2.1)+3.2+1.5+(-9.25596e+61)+5+16+(-3)+10+12+2+(-9.25596e+61)+1.62877e-307+(-9.25596e+61)+1.11139e-307+(-nan)+2.12997e-305+1.63e-307+1.11141e-307+(-6.9105e-104)=0


Expression[3] : 1.5/(-8)/2.5=0


Expression[20] : 5+16-(-3)+10-12+2-(-9.25596e+61)+(-9.25596e+61)-(-9.25596e+61)+1.77965e-307-(-nan)+2.20117e-305-4.35313e-308+1.77966e-307-(-1.24175e-295)+0-1.05264e-314+3.48103e+267-1.77964e-307+1.47875e-304=0


Expression[20] : 5.6+(-2.1)+3.2+1.5+(-9.25596e+61)+5+16+(-3)+10+12+2+(-9.25596e+61)+4.35006e-308+(-9.25596e+61)+1.77965e-307+(-nan)+2.20117e-305+4.35313e-308+1.77966e-307+(-1.24175e-295)=0


Expression[3] : 1.5/(-8)/2.5=0


Expression[20] : 5+16-(-3)+10-12+2-12+15-23+(-18)-17+(-9.25596e+61)-(-9.25596e+61)+(-9.25596e+61)-2.22301e-307+(-nan)-4.07888e-306+3.65779e-308-2.22304e-307+(-6.08087e-211)=0


Expression[20] : 5.6+(-2.1)+3.2+1.5+(-9.25596e+61)+5+16+(-3)+10+12+2+12+15+23+(-18)+17+(-9.25596e+61)+3.65472e-308+(-9.25596e+61)+2.22301e-307=0


Expression[3] : 1.5/(-8)/2.5=0


Expression[20] : 5+16-(-3)+10-12+2-12+15-23+(-18)-17+(-9.25596e+61)-(-9.25596e+61)+(-9.25596e+61)-6.67419e-308+(-nan)-8.51987e-305+3.6274e-307-6.67425e-308+(-4.41501e-35)=0


Expression[20] : 5.6+(-2.1)+3.2+1.5+(-9.25596e+61)+5+16+(-3)+10+12+2+12+15+23+(-18)+17+(-9.25596e+61)+3.62248e-307+(-9.25596e+61)+6.67419e-308=0


Expression[3] : 1.5/(-8)/2.5=0


Expression[20] : 5+16-(-3)+10-12+2-12+15-23+(-18)-17+(-9.25596e+61)-(-9.25596e+61)+(-9.25596e+61)-1.66713e-307+(-nan)-1.27204e-303+1.62896e-306-1.66714e-307+(-4.62715e+116)=0


Expression[20] : 5.6+(-2.1)+3.2+1.5+(-9.25596e+61)+5+16+(-3)+10+12+2+12+15+23+(-18)+17+(-9.25596e+61)+1.627e-306+(-9.25596e+61)+1.66713e-307=0


Expression[3] : 1.5/(-8)/2.5=0


Expression[20] : 5+16-(-3)+10-12+2-12+15-23+(-18)-17+(-9.25596e+61)-(-9.25596e+61)+(-9.25596e+61)-1.39042e-307+(-nan)-1.36318e-303+6.96501e-307-1.39043e-307+(-350.13)=0


Expression[20] : 5.6+(-2.1)+3.2+1.5+(-9.25596e+61)+5+16+(-3)+10+12+2+12+15+23+(-18)+17+(-9.25596e+61)+6.96009e-307+(-9.25596e+61)+1.39042e-307=0


Expression[3] : 1.5/(-8)/2.5=0


Expression[20] : 5+16-(-3)+10-12+2-12+15-23+(-18)-17+(-9.25596e+61)-(-9.25596e+61)+(-9.25596e+61)-1.72346e-307+(-nan)-1.92694e-304+4.29492e-307-1.72347e-307+7.24502e+264=0


Expression[20] : 5.6+(-2.1)+3.2+1.5+(-9.25596e+61)+5+16+(-3)+10+12+2+12+15+23+(-18)+17+(-9.25596e+61)+4.29e-307+(-9.25596e+61)+1.72346e-307=0


Expression[3] : 1.5/(-8)/2.5 = 0


Expression[20] : 5 + 16 - (-3) + 10 - 12 + 2 - 12 + 15 - 23 + (-18) - 17 + (-9.25596e+61) - (-9.25596e+61) + (-9.25596e+61) - 1.2221e-307 + (-nan) - 1.90755e-303 + 2.25871e-307 - 1.22211e-307 + (-4.66648e+204) = 0


Expression[20] : 5.6+(-2.1)+3.2+1.5+(-9.25596e+61)+5+16+(-3)+10+12+2+12+15+23+(-18)+17+(-9.25596e+61)+2.25626e-307+(-9.25596e+61)+1.2221e-307=0


Expression[3] : 1.5/(-8)/2.5 = 0


Expression[20] : 5 + 16 - (-3) + 10 - 12 + 2 - 12 + 15 - 23 + (-18) - 17 + (-9.25596e+61) - (-9.25596e+61) + (-9.25596e+61) - 1.11106e-307 + (-nan) - 3.81511e-303 + 4.96244e-307 - 1.11107e-307 + 3.17778e-85 = 0


Expression[20] : 5.6+(-2.1)+3.2+1.5+(-9.25596e+61)+5+16+(-3)+10+12+2+12+15+23+(-18)+17+(-9.25596e+61)+4.95753e-307+(-9.25596e+61)+1.11106e-307=0


Expression[3] : 1.5/(-8)/2.5 = 0


Expression[20] : 5 + 16 - (-3) + 10 - 12 + 2 - 12 + 15 - 23 + (-18) - 17 + 22 - (-30) + 15 - 16 + 2 - 4 + (-3) - (-9.25596e+61) + (-9.25596e+61) = 0


Expression[20] : 5.6+(-2.1)+3.2+1.5+(-9.25596e+61)+5+16+(-3)+10+12+2+12+15+23+(-18)+17+22+(-30)+15+16=0


Expression[3] : 1.5/(-8)/2.5 = 0


Expression[20] : 5 + 16 - (-3) + 10 - 12 + 2 - 12 + 15 - 23 + (-18) - 17 + 22 - (-30) + 15 - 16 + 2 - 4 + (-3) - 1 + 14 = 0


Expression[20] : 5.6+(-2.1)+3.2+1.5+(-9.25596e+61)+5+16+(-3)+10+12+2+12+15+23+(-18)+17+22+(-30)+15+16=0


Expression[3] : 1.5/(-8)/2.5 = 0


Expression[20] : 5 + 16 - (-3) + 10 - 12 + 2 - 12 + 15 - 23 + (-18) - 17 + 22 - (-30) + 15 - 16 + 2 - 4 + (-3) - 1 + 14 = 0


Expression[20] : 5.6+(-2.1)+3.2+1.5+(-9.25596e+61)+5+16+(-3)+10+12+2+12+15+23+(-18)+17+22+(-30)+15+16=0


Expression[3] : 1.5/(-8)/2.5 = 0


Expression[20] : 5 + 16 - (-3) + 10 - 12 + 2 - 12 + 15 - 23 + (-18) - 17 + 22 - (-30) + 15 - 16 + 2 - 4 + (-3) - 1 + 14 = 0


Expression[20] : 5.6+(-2.1)+3.2+1.5+3.8+12+15.4+(-6.5)+13.1+1.5+16.4+5.4+16.1+(-3.2)+10.1+12.3+2.9+12.7+15.6+23.2=0


Expression[3] : 1.5/(-8)/2.5 = 0


Expression[20] : 5 + 16 - (-3) + 10 - 12 + 2 - 12 + 15 - 23 + (-18) - 17 + 22 - (-30) + 15 - 16 + 2 - 4 + (-3) - 1 + 14 = 0


Expression[20] : 5.6+(-2.1)+3.2+1.5+3.8+12+15.4+(-6.5)+13.1+1.5+16.4+5.4+16.1+(-3.2)+10.1+12.3+2.9+12.7+15.6+23.2=0


Expression[3] : 1.5/(-8)/2.5 = 0


Expression[20] : 5 + 16 - (-3) + 10 - 12 + 2 - 12 + 15 - 23 + (-18) - 17 + 22 - (-30) + 15 - 16 + 2 - 4 + (-3) - 1 + 14 = 0


Expression[20] : 5.6+(-2.1)+3.2+1.5+3.8+12+15.4+(-6.5)+13.1+1.5+16.4+5.4+16.1+(-3.2)+10.1+12.3+2.9+12.7+15.6+23.2=0


Expression[3] : 1.5/(-8)/2.5 = 0


Expression[20] : 5 + 16 - (-3) + 10 - 12 + 2 - 12 + 15 - 23 + (-18) - 17 + 22 - (-30) + 15 - 16 + 2 - 4 + (-3) - 1 + 14 = 0


Expression[20] : 5.6+(-2.1)+3.2+1.5+3.8+12+15.4+(-6.5)+13.1+1.5+16.4+5.4+16.1+(-3.2)+10.1+12.3+2.9+12.7+15.6+23.2=0


Expression[3] : 1.5/(-8)/2.5 = 0


Expression[20] : 5 + 16 - (-3) + 10 - 12 + 2 - 12 + 15 - 23 + (-18) - 17 + 22 - (-30) + 15 - 16 + 2 - 4 + (-3) - 1 + 14 = 0


Expression[20] : 5.6+(-2.1)+3.2+1.5+3.8+12+15.4+(-6.5)+13.1+1.5+16.4+5.4+16.1+(-3.2)+10.1+12.3+2.9+12.7+15.6+23.2=0


Expression[3] : 1.5/(-8)/2.5 = 0


Expression[20] : 5 + 16 - (-3) + 10 - 12 + 2 - 12 + 15 - 23 + (-18) - 17 + 22 - (-30) + 15 - 16 + 2 - 4 + (-3) - 1 + 14 = 0


Expression[20] : 5.6+(-2.1)+3.2+1.5+3.8+12+15.4+(-6.5)+13.1+1.5+16.4+5.4+16.1+(-3.2)+10.1+12.3+2.9+12.7+15.6+23.2=0


Expression[3] : 1.5/(-8)/2.5 = 0


Expression[20] : 5 + 16 - (-3) + 10 - 12 + 2 - 12 + 15 - 23 + (-18) - 17 + 22 - (-30) + 15 - 16 + 2 - 4 + (-3) - 1 + 14 = 0


Expression[20] : 5.6+(-2.1)+3.2+1.5+3.8+12+15.4+(-6.5)+13.1+1.5+16.4+5.4+16.1+(-3.2)+10.1+12.3+2.9+12.7+15.6+23.2=0


Expression[3] : 1.5/(-8)/2.5 = 0


Expression[20] : 5 + 16 - (-3) + 10 - 12 + 2 - 12 + 15 - 23 + (-18) - 17 + 22 - (-30) + (-9.25596e+61) - (-9.25596e+61) + (-9.25596e+61) - 1.72354e-307 + (-nan) - 5.63789e-303 + 2.59247e-307 = 0


Expression[20] : 5.6+(-2.1)+3.2+1.5+3.8+12+15.4+(-6.5)+13.1+1.5+16.4+5.4+16.1+(-3.2)+10.1+12.3+2.9+12.7+15.6+23.2=0


Expression[3] : 1.5/(-8)/2.5 = 0


Expression[20] : 5 + 16 - (-3) + 10 - 12 + 2 - 12 + 15 - 23 + (-18) - 17 + 22 - (-30) + (-9.25596e+61) - (-9.25596e+61) + (-9.25596e+61) - 1.22359e-307 + (-nan) - 5.10667e-305 + 1.98498e-306 = 0


Expression[20] : 5.6+(-2.1)+3.2+1.5+3.8+12+15.4+(-6.5)+13.1+1.5+16.4+5.4+16.1+(-3.2)+10.1+12.3+2.9+12.7+15.6+23.2=0


Expression[3] : 1.5/(-8)/2.5 = 0


Expression[13] : 5 + 16 - (-3) + 10 - 12 + 2 - 12 + 15 - 23 + (-18) - 17 + 22 - (-30) +  = 0


Expression[20] : 5.6+(-2.1)+3.2+1.5+3.8+12+15.4+(-6.5)+13.1+1.5+16.4+5.4+16.1+(-3.2)+10.1+12.3+2.9+12.7+15.6+23.2=0


Expression[3] : 1.5/(-8)/2.5 = 0


Expression[13] : 5 + 16 - (-3) + 10 - 12 + 2 - 12 + 15 - 23 + (-18) - 17 + 22 - (-30) +  = 0


Expression[13] : 5.6+(-2.1)+3.2+1.5+3.8+12+15.4+(-6.5)+13.1+1.5+16.4+5.4+16.1=0


Expression[3] : 1.5/(-8)/2.5 = 0


Expression[13] : 5 + 16 - (-3) + 10 - 12 + 2 - 12 + 15 - 23 + (-18) - 17 + 22 - (-30) +  = 0


Expression[13] : 5.6+(-2.1)+3.2+1.5+3.8+12+15.4+(-6.5)+13.1+1.5+16.4+5.4+16.1=0


Expression[3] : 1.5/(-8)/2.5 = 0


Expression[13] : 5 + 16 - (-3) + 10 - 12 + 2 - 12 + 15 - 23 + (-18) - 17 + 22 - (-30) +  = 0


Expression[13] : 5.6+(-2.1)+3.2+1.5+3.8+12+15.4+(-6.5)+13.1+1.5+16.4+5.4+16.1=0


Expression[3] : 1.5/(-8)/2.5 = 0


Expression[13] : 5 + 16 - (-3) + 10 - 12 + 2 - 12 + 15 - 23 + (-18) - 17 + 22 - (-30) +  = 0


Expression[13] : 5.6+(-2.1)+3.2+1.5+3.8+12+15.4+(-6.5)+13.1+1.5+16.4+5.4+16.1=0


Expression[3] : 1.5/(-8)/2.5 = 0


Expression[13] : 5 + 16 - (-3) + 10 - 12 + 2 - 12 + 15 - 23 + (-18) - 17 + 22 - (-30) +  = 0


Expression[13] : 5.6+(-2.1)+3.2+1.5+3.8+12+15.4+(-6.5)+13.1+1.5+16.4+5.4+16.1=0


Expression[3] : 1.5/(-8)/2.5 = 0


Expression[13] : 5 + 16 - (-3) + 10 - 12 + 2 - 12 + 15 - 23 + (-18) - 17 + 22 - (-30) +  = 21


Expression[13] : 5.6+(-2.1)+3.2+1.5+3.8+12+15.4+(-6.5)+13.1+1.5+16.4+5.4+16.1=85.4


Expression[3] : 1.5/(-8)/2.5 = -0.075


Expression[13] : 5 + 16 - (-3) + 10 - 12 + 2 - 12 + 15 - 23 + (-18) - 17 + 22 - (-30) +  = 21


Expression[13] : 5.6+(-2.1)+3.2+1.5+3.8+12+15.4+(-6.5)+13.1+1.5+16.4+5.4+16.1=85.4


Expression[3] : 1.5/(-8)/2.5 = -0.075


Expression[13] : 5 + 16 - (-3) + 10 - 12 + 2 - 12 + 15 - 23 + (-18) - 17 + 22 - (-30) +  = 21


Expression[13] : 5.6+(-2.1)+3.2+1.5+3.8+12+15.4+(-6.5)+13.1+1.5+16.4+5.4+16.1=85.4


Expression[3] : 1.5/(-8)/2.5 = -0.075


Expression[13] : 5 + 16 - (-3) + 10 - 12 + 2 - 12 + 15 - 23 + (-18) - 17 + 22 - (-30) +  = 21


Expression[13] : 5.6+(-2.1)+3.2+1.5+3.8+12+15.4+(-6.5)+13.1+1.5+16.4+5.4+16.1=85.4


Expression[3] : 1.5/(-8)/2.5 = -0.075


Expression[13] : 5 + 16 - (-3) + 10 - 12 + 2 - 12 + 15 - 23 + (-18) - 17 + 22 - (-30) +  = 21


Expression[13] : 5.6+(-2.1)+3.2+1.5+3.8+12+15.4+(-6.5)+13.1+1.5+16.4+5.4+16.1=85.4


Expression[4] : 10/(-2)/2.5/15 = -0.133333


Expression[13] : 5 + 16 - (-3) + 10 - 12 + 2 - 12 + 15 - 23 + (-18) - 17 + 22 - (-30) +  = 21


Expression[13] : 5.6+(-2.1)+3.2+1.5+3.8+12+15.4+(-6.5)+13.1+1.5+16.4+5.4+16.1=85.4


Expression[4] : 10/(-2)/2.5/15 = -0.133333


Expression[13] : 5 + 16 - (-3) + 10 - 12 + 2 - 12 + 15 - 23 + (-18) - 17 + 22 - (-30) +  = 21


Expression[13] : 5.6+(-2.1)+3.2+1.5+3.8+12+15.4+(-6.5)+13.1+1.5+16.4+5.4+16.1=85.4


Expression[4] : 10/(-2)/2.5/15 = -0.133333


Expression[13] : 5 + 16 - (-3) + 10 - 12 + 2 - 12 + 15 - 23 + (-18) - 17 + 22 - (-30) +  = 21


Expression[13] : 5.6+(-2.1)+3.2+1.5+3.8+12+15.4+(-6.5)+13.1+1.5+16.4+5.4+16.1=85.4


Expression[4] : 10/(-2)/2.5/15 = -0.133333


Expression[13] : 5 + 16 - (-3) + 10 - 12 + 2 - 12 + 15 - 23 + (-18) - 17 + 22 - (-30) +  = 21


Expression[13] : 5.6+(-2.1)+3.2+1.5+3.8+12+15.4+(-6.5)+13.1+1.5+16.4+5.4+16.1=85.4


Expression[4] : 10/(-2)/2.5/15 = -0.133333


Expression[13] : 5 + 16 - (-3) + 10 - 12 + 2 - 12 + 15 - 23 + (-18) - 17 + 22 - (-30) +  = 21


Expression[13] : 5.6+(-2.1)+3.2+1.5+3.8+12+15.4+(-6.5)+13.1+1.5+16.4+5.4+16.1=85.4


Expression[5] : 10/(-2)/2.5/15/(-4) = 0.0333333


Expression[13] : 5 + 16 - (-3) + 10 - 12 + 2 - 12 + 15 - 23 + (-18) - 17 + 22 - (-30) +  = 21


Expression[13] : 5.6+(-2.1)+3.2+1.5+3.8+12+15.4+(-6.5)+13.1+1.5+16.4+5.4+16.1=85.4


Expression[5] : 10/(-2)/2.5/15/(-4) = 0.0333333


Expression[13] : 5 + 16 - (-3) + 10 - 12 + 2 - 12 + 15 - 23 + (-18) - 17 + 22 - (-30) +  = 21


Expression[6] : 5.6+(-2.1)+3.2+1.5+3.8+12=24


Expression[5] : 10/(-2)/2.5/15/(-4) = 0.0333333


Expression[13] : 5 + 16 - (-3) + 10 - 12 + 2 - 12 + 15 - 23 + (-18) - 17 + 22 - (-30) +  = 21


Expression[6] : 5.6+(-2.1)+3.2+1.5+3.8+12=24


Expression[5] : 10/(-2)/2.5/15/(-4) = 0.0333333


Expression[13] : 5 + 16 - (-3) + 10 - 12 + 2 - 12 + 15 - 23 + (-18) - 17 + 22 - (-30) +  = 21


Expression[6] : 5.6+(-2.1)+3.2+1.5+3.8+12=24


Expression[5] : 10/(-2)/2.5/15/(-4) = 0.0333333


Expression[13] : 5 + 16 - (-3) + 10 - 12 + 2 - 12 + 15 - 23 + (-18) - 17 + 22 - (-30) +  = 21


Expression[6] : 5.6+(-2.1)+3.2+1.5+3.8+12=24


Expression[5] : 10/(-2)/2.5/15/(-4) = 0.0333333


Expression[13] : 5 + 16 - (-3) + 10 - 12 + 2 - 12 + 15 - 23 + (-18) - 17 + 22 - (-30) +  = 21


Expression[6] : 5.6+(-2.1)+3.2+1.5+3.8+12=24


Expression[5] : 10/(-2)/2.5/15/(-4) = 0.0333333


Expression[13] : 5 + 16 - (-3) + 10 - 12 + 2 - 12 + 15 - 23 + (-18) - 17 + 22 - (-30) +  = 21


Expression[6] : 5.6+(-2.1)+3.2+1.5+3.8+12=24


Expression[5] : 10/(-2)/2.5/15/(-4) = 0.0333333


