Построение начато 17.09.2017 16:50:42.
     1>Проект "C:\Users\Дмитрий\Desktop\Учеба\C++\Лабораторная №1\ConsoleApplication №2\ConsoleApplication №2\ConsoleApplication №2.vcxproj" в узле 2 (целевые объекты build).
     1>InitializeBuildStatus:
         Создание "Debug\ConsoleApplication №2.unsuccessfulbuild", так как было задано "AlwaysCreate".
       ClCompile:
         D:\Games\C#\VC\bin\CL.exe /c /ZI /nologo /W3 /WX- /Od /Oy- /D WIN32 /D _DEBUG /D _CONSOLE /D _UNICODE /D UNICODE /Gm /EHsc /RTC1 /MDd /GS /fp:precise /Zc:wchar_t /Zc:forScope /Fo"Debug\\" /Fd"Debug\vc100.pdb" /Gd /TP /analyze- /errorReport:prompt main.cpp
         main.cpp
       ManifestResourceCompile:
         Для всех выходных данных обновления не требуется.
       Link:
         D:\Games\C#\VC\bin\link.exe /ERRORREPORT:PROMPT /OUT:"C:\Users\Дмитрий\Desktop\Учеба\C++\Лабораторная №1\ConsoleApplication №2\Debug\ConsoleApplication №2.exe" /INCREMENTAL /NOLOGO kernel32.lib user32.lib gdi32.lib winspool.lib comdlg32.lib advapi32.lib shell32.lib ole32.lib oleaut32.lib uuid.lib odbc32.lib odbccp32.lib /MANIFEST /ManifestFile:"Debug\ConsoleApplication №2.exe.intermediate.manifest" /MANIFESTUAC:"level='asInvoker' uiAccess='false'" /DEBUG /PDB:"C:\Users\Дмитрий\Desktop\Учеба\C++\Лабораторная №1\ConsoleApplication №2\Debug\ConsoleApplication №2.pdb" /SUBSYSTEM:CONSOLE /TLBID:1 /DYNAMICBASE /NXCOMPAT /IMPLIB:"C:\Users\Дмитрий\Desktop\Учеба\C++\Лабораторная №1\ConsoleApplication №2\Debug\ConsoleApplication №2.lib" /MACHINE:X86 "Debug\ConsoleApplication №2.exe.embed.manifest.res"
         Debug\main.obj
       Manifest:
         C:\Program Files (x86)\Microsoft SDKs\Windows\v7.0A\bin\mt.exe /nologo /verbose /out:"Debug\ConsoleApplication №2.exe.embed.manifest" /manifest "Debug\ConsoleApplication №2.exe.intermediate.manifest"
         Для всех выходных данных обновления не требуется.
       LinkEmbedManifest:
         Для всех выходных данных обновления не требуется.
         ConsoleApplication №2.vcxproj -> C:\Users\Дмитрий\Desktop\Учеба\C++\Лабораторная №1\ConsoleApplication №2\Debug\ConsoleApplication №2.exe
       FinalizeBuildStatus:
         Файл "Debug\ConsoleApplication №2.unsuccessfulbuild" удаляется.
         Обращение к "Debug\ConsoleApplication №2.lastbuildstate".
     1>Построение проекта "C:\Users\Дмитрий\Desktop\Учеба\C++\Лабораторная №1\ConsoleApplication №2\ConsoleApplication №2\ConsoleApplication №2.vcxproj" завершено (целевые объекты build).

Построение успешно завершено.

Затраченное время: 00:00:01.39
